<?xml version="1.0" encoding="UTF-8"?>
<testsuite xmlns:xsi="http://www.w3.org/2001/XMLSchema-instance" xsi:noNamespaceSchemaLocation="https://maven.apache.org/surefire/maven-surefire-plugin/xsd/surefire-test-report.xsd" name="linearalgebra.MatrixTest" time="0.04" tests="99" errors="0" skipped="0" failures="0">
  <properties>
    <property name="sun.desktop" value="gnome"/>
    <property name="awt.toolkit" value="sun.awt.X11.XToolkit"/>
    <property name="java.specification.version" value="11"/>
    <property name="sun.cpu.isalist" value=""/>
    <property name="sun.jnu.encoding" value="UTF-8"/>
    <property name="java.class.path" value="/home/rishi/Desktop/ST_T1_23-24/ST_Project/GitHub/target/test-classes:/home/rishi/Desktop/ST_T1_23-24/ST_Project/GitHub/target/classes:/home/rishi/.m2/repository/junit/junit/4.11/junit-4.11.jar:/home/rishi/.m2/repository/org/hamcrest/hamcrest-core/1.3/hamcrest-core-1.3.jar:"/>
    <property name="java.vm.vendor" value="Ubuntu"/>
    <property name="sun.arch.data.model" value="64"/>
    <property name="java.vendor.url" value="https://ubuntu.com/"/>
    <property name="user.timezone" value=""/>
    <property name="java.vm.specification.version" value="11"/>
    <property name="os.name" value="Linux"/>
    <property name="sun.java.launcher" value="SUN_STANDARD"/>
    <property name="user.country" value="US"/>
    <property name="sun.boot.library.path" value="/usr/lib/jvm/java-11-openjdk-amd64/lib"/>
    <property name="sun.java.command" value="/home/rishi/Desktop/ST_T1_23-24/ST_Project/GitHub/target/surefire/surefirebooter7853637801664718836.jar /home/rishi/Desktop/ST_T1_23-24/ST_Project/GitHub/target/surefire 2023-11-27T01-39-56_735-jvmRun1 surefire16923503809818944281tmp surefire_06348812328982160848tmp"/>
    <property name="jdk.debug" value="release"/>
    <property name="surefire.test.class.path" value="/home/rishi/Desktop/ST_T1_23-24/ST_Project/GitHub/target/test-classes:/home/rishi/Desktop/ST_T1_23-24/ST_Project/GitHub/target/classes:/home/rishi/.m2/repository/junit/junit/4.11/junit-4.11.jar:/home/rishi/.m2/repository/org/hamcrest/hamcrest-core/1.3/hamcrest-core-1.3.jar:"/>
    <property name="sun.cpu.endian" value="little"/>
    <property name="user.home" value="/home/rishi"/>
    <property name="user.language" value="en"/>
    <property name="java.specification.vendor" value="Oracle Corporation"/>
    <property name="java.version.date" value="2023-08-24"/>
    <property name="java.home" value="/usr/lib/jvm/java-11-openjdk-amd64"/>
    <property name="file.separator" value="/"/>
    <property name="basedir" value="/home/rishi/Desktop/ST_T1_23-24/ST_Project/GitHub"/>
    <property name="java.vm.compressedOopsMode" value="32-bit"/>
    <property name="line.separator" value="&#10;"/>
    <property name="java.specification.name" value="Java Platform API Specification"/>
    <property name="java.vm.specification.vendor" value="Oracle Corporation"/>
    <property name="java.awt.graphicsenv" value="sun.awt.X11GraphicsEnvironment"/>
    <property name="surefire.real.class.path" value="/home/rishi/Desktop/ST_T1_23-24/ST_Project/GitHub/target/surefire/surefirebooter7853637801664718836.jar"/>
    <property name="sun.management.compiler" value="HotSpot 64-Bit Tiered Compilers"/>
    <property name="java.runtime.version" value="11.0.20.1+1-post-Ubuntu-0ubuntu122.04"/>
    <property name="user.name" value="rishi"/>
    <property name="path.separator" value=":"/>
    <property name="os.version" value="6.2.0-37-generic"/>
    <property name="java.runtime.name" value="OpenJDK Runtime Environment"/>
    <property name="file.encoding" value="UTF-8"/>
    <property name="java.vm.name" value="OpenJDK 64-Bit Server VM"/>
    <property name="localRepository" value="/home/rishi/.m2/repository"/>
    <property name="java.vendor.url.bug" value="https://bugs.launchpad.net/ubuntu/+source/openjdk-lts"/>
    <property name="java.io.tmpdir" value="/tmp"/>
    <property name="java.version" value="11.0.20.1"/>
    <property name="user.dir" value="/home/rishi/Desktop/ST_T1_23-24/ST_Project/GitHub"/>
    <property name="os.arch" value="amd64"/>
    <property name="java.vm.specification.name" value="Java Virtual Machine Specification"/>
    <property name="java.awt.printerjob" value="sun.print.PSPrinterJob"/>
    <property name="sun.os.patch.level" value="unknown"/>
    <property name="java.library.path" value="/usr/java/packages/lib:/usr/lib/x86_64-linux-gnu/jni:/lib/x86_64-linux-gnu:/usr/lib/x86_64-linux-gnu:/usr/lib/jni:/lib:/usr/lib"/>
    <property name="java.vm.info" value="mixed mode, sharing"/>
    <property name="java.vendor" value="Ubuntu"/>
    <property name="java.vm.version" value="11.0.20.1+1-post-Ubuntu-0ubuntu122.04"/>
    <property name="java.specification.maintenance.version" value="2"/>
    <property name="sun.io.unicode.encoding" value="UnicodeLittle"/>
    <property name="java.class.version" value="55.0"/>
  </properties>
  <testcase name="testSetColumn_Array" classname="linearalgebra.MatrixTest" time="0"/>
  <testcase name="testDeterminant_Exception" classname="linearalgebra.MatrixTest" time="0"/>
  <testcase name="testToRowVectors" classname="linearalgebra.MatrixTest" time="0"/>
  <testcase name="testGetNumRows" classname="linearalgebra.MatrixTest" time="0"/>
  <testcase name="testGetEntry" classname="linearalgebra.MatrixTest" time="0"/>
  <testcase name="testFromColumnVectors" classname="linearalgebra.MatrixTest" time="0.001"/>
  <testcase name="testIdentityMatrix" classname="linearalgebra.MatrixTest" time="0"/>
  <testcase name="testCopyConstructor" classname="linearalgebra.MatrixTest" time="0"/>
  <testcase name="testSetRow_Array_DiffRowLen" classname="linearalgebra.MatrixTest" time="0"/>
  <testcase name="testAdd" classname="linearalgebra.MatrixTest" time="0"/>
  <testcase name="testSubtract" classname="linearalgebra.MatrixTest" time="0"/>
  <testcase name="testSubtract_Exception" classname="linearalgebra.MatrixTest" time="0"/>
  <testcase name="testGetEntries" classname="linearalgebra.MatrixTest" time="0.001"/>
  <testcase name="testSetColumn_Vector_IllegalInput" classname="linearalgebra.MatrixTest" time="0"/>
  <testcase name="testToString" classname="linearalgebra.MatrixTest" time="0"/>
  <testcase name="testDeterminant_Case1" classname="linearalgebra.MatrixTest" time="0"/>
  <testcase name="testDeterminant_Case2" classname="linearalgebra.MatrixTest" time="0.001"/>
  <testcase name="testDeterminant_Case3" classname="linearalgebra.MatrixTest" time="0"/>
  <testcase name="testSwapColumns_Case1" classname="linearalgebra.MatrixTest" time="0.001"/>
  <testcase name="testSwapColumns_Case2" classname="linearalgebra.MatrixTest" time="0"/>
  <testcase name="testSwapColumns_Case3" classname="linearalgebra.MatrixTest" time="0"/>
  <testcase name="testSwapColumns_Case4" classname="linearalgebra.MatrixTest" time="0"/>
  <testcase name="testMultiplyByVector_Exception" classname="linearalgebra.MatrixTest" time="0"/>
  <testcase name="testSetRow_Vector_IllegalInput" classname="linearalgebra.MatrixTest" time="0.001"/>
  <testcase name="testIsUpperTriangular_Case1" classname="linearalgebra.MatrixTest" time="0"/>
  <testcase name="testIsUpperTriangular_Case2" classname="linearalgebra.MatrixTest" time="0"/>
  <testcase name="testIsUpperTriangular_Case3" classname="linearalgebra.MatrixTest" time="0"/>
  <testcase name="testIsSparse_Case1" classname="linearalgebra.MatrixTest" time="0"/>
  <testcase name="testIsSparse_Case2" classname="linearalgebra.MatrixTest" time="0"/>
  <testcase name="testIsSparse_Case3" classname="linearalgebra.MatrixTest" time="0"/>
  <testcase name="testIsSparse_Case4" classname="linearalgebra.MatrixTest" time="0"/>
  <testcase name="testIsSparse_Case5" classname="linearalgebra.MatrixTest" time="0.001"/>
  <testcase name="testIsSparse_Case6" classname="linearalgebra.MatrixTest" time="0"/>
  <testcase name="testSetRow_Array" classname="linearalgebra.MatrixTest" time="0"/>
  <testcase name="testGetEntryInvalidCol" classname="linearalgebra.MatrixTest" time="0"/>
  <testcase name="testGetEntryInvalidRow" classname="linearalgebra.MatrixTest" time="0.001"/>
  <testcase name="testFromRowVectors" classname="linearalgebra.MatrixTest" time="0"/>
  <testcase name="testDropColumn" classname="linearalgebra.MatrixTest" time="0"/>
  <testcase name="testGetNumColumns" classname="linearalgebra.MatrixTest" time="0"/>
  <testcase name="testMultiplyByMatrix_Exception" classname="linearalgebra.MatrixTest" time="0"/>
  <testcase name="testTrace_Case1" classname="linearalgebra.MatrixTest" time="0"/>
  <testcase name="testTrace_Case2" classname="linearalgebra.MatrixTest" time="0"/>
  <testcase name="testTrace_Case3" classname="linearalgebra.MatrixTest" time="0"/>
  <testcase name="testTrace_Case4" classname="linearalgebra.MatrixTest" time="0"/>
  <testcase name="testIdentityMatrixInvalidSize" classname="linearalgebra.MatrixTest" time="0"/>
  <testcase name="testMinorMatrixInvalidColumn" classname="linearalgebra.MatrixTest" time="0.001"/>
  <testcase name="testMultiplyByMatrix" classname="linearalgebra.MatrixTest" time="0"/>
  <testcase name="testSetEntry_InvalidRow" classname="linearalgebra.MatrixTest" time="0"/>
  <testcase name="testSetColumn_Vector_DiffColmLen" classname="linearalgebra.MatrixTest" time="0"/>
  <testcase name="testDropColumnOutOfRange" classname="linearalgebra.MatrixTest" time="0.002"/>
  <testcase name="testMultiplyByScalar" classname="linearalgebra.MatrixTest" time="0"/>
  <testcase name="testMultiplyByVector" classname="linearalgebra.MatrixTest" time="0"/>
  <testcase name="testToColumnVectors" classname="linearalgebra.MatrixTest" time="0"/>
  <testcase name="testSetColumn_Vector" classname="linearalgebra.MatrixTest" time="0"/>
  <testcase name="testAddVectorToRow_Case1" classname="linearalgebra.MatrixTest" time="0"/>
  <testcase name="testAddVectorToRow_Case2" classname="linearalgebra.MatrixTest" time="0.001"/>
  <testcase name="testAddVectorToRow_Case3" classname="linearalgebra.MatrixTest" time="0"/>
  <testcase name="testShape_Case1" classname="linearalgebra.MatrixTest" time="0"/>
  <testcase name="testShape_Case2" classname="linearalgebra.MatrixTest" time="0"/>
  <testcase name="testShape_Case3" classname="linearalgebra.MatrixTest" time="0"/>
  <testcase name="testIsLowerTriangular_Case1" classname="linearalgebra.MatrixTest" time="0"/>
  <testcase name="testIsLowerTriangular_Case2" classname="linearalgebra.MatrixTest" time="0.002"/>
  <testcase name="testIsLowerTriangular_Case3" classname="linearalgebra.MatrixTest" time="0"/>
  <testcase name="testSetRow_Vector" classname="linearalgebra.MatrixTest" time="0"/>
  <testcase name="testSetColumn_Array_DiffColmLen" classname="linearalgebra.MatrixTest" time="0.001"/>
  <testcase name="testTranspose_Case1" classname="linearalgebra.MatrixTest" time="0"/>
  <testcase name="testTranspose_Case2" classname="linearalgebra.MatrixTest" time="0"/>
  <testcase name="testTranspose_Case3" classname="linearalgebra.MatrixTest" time="0"/>
  <testcase name="testTranspose_Case4" classname="linearalgebra.MatrixTest" time="0"/>
  <testcase name="testFromRowVectorsMismatchedLength" classname="linearalgebra.MatrixTest" time="0"/>
  <testcase name="testGetColumn" classname="linearalgebra.MatrixTest" time="0"/>
  <testcase name="testGetColumnOutOfRange" classname="linearalgebra.MatrixTest" time="0.001"/>
  <testcase name="testIsDiagonal_Case1" classname="linearalgebra.MatrixTest" time="0"/>
  <testcase name="testIsDiagonal_Case2" classname="linearalgebra.MatrixTest" time="0"/>
  <testcase name="testIsDiagonal_Case3" classname="linearalgebra.MatrixTest" time="0.001"/>
  <testcase name="testMinorMatrix" classname="linearalgebra.MatrixTest" time="0"/>
  <testcase name="testGetRowInvalidRow" classname="linearalgebra.MatrixTest" time="0.001"/>
  <testcase name="testIsSquare_Case1" classname="linearalgebra.MatrixTest" time="0"/>
  <testcase name="testIsSquare_Case2" classname="linearalgebra.MatrixTest" time="0"/>
  <testcase name="testGetRow" classname="linearalgebra.MatrixTest" time="0"/>
  <testcase name="testIsPermutationMatrix_Case1" classname="linearalgebra.MatrixTest" time="0"/>
  <testcase name="testIsPermutationMatrix_Case2" classname="linearalgebra.MatrixTest" time="0.001"/>
  <testcase name="testIsPermutationMatrix_Case3" classname="linearalgebra.MatrixTest" time="0"/>
  <testcase name="testSwapRows_Case1" classname="linearalgebra.MatrixTest" time="0"/>
  <testcase name="testSwapRows_Case2" classname="linearalgebra.MatrixTest" time="0.001"/>
  <testcase name="testSwapRows_Case3" classname="linearalgebra.MatrixTest" time="0"/>
  <testcase name="testSwapRows_Case4" classname="linearalgebra.MatrixTest" time="0"/>
  <testcase name="testSetEntry_InvalidColumn" classname="linearalgebra.MatrixTest" time="0"/>
  <testcase name="testDropRow" classname="linearalgebra.MatrixTest" time="0"/>
  <testcase name="testMinorMatrixInvalidRow" classname="linearalgebra.MatrixTest" time="0"/>
  <testcase name="testDropRowOutOfRange" classname="linearalgebra.MatrixTest" time="0"/>
  <testcase name="testSetRow_Vector_DiffRowLen" classname="linearalgebra.MatrixTest" time="0"/>
  <testcase name="testAdd_Exception" classname="linearalgebra.MatrixTest" time="0.001"/>
  <testcase name="testAddVectorToColumn_Case1" classname="linearalgebra.MatrixTest" time="0"/>
  <testcase name="testAddVectorToColumn_Case2" classname="linearalgebra.MatrixTest" time="0"/>
  <testcase name="testAddVectorToColumn_Case3" classname="linearalgebra.MatrixTest" time="0"/>
  <testcase name="testConstructor" classname="linearalgebra.MatrixTest" time="0"/>
  <testcase name="testSetEntry" classname="linearalgebra.MatrixTest" time="0.001"/>
  <testcase name="testSetRow_Array_IllegalInput" classname="linearalgebra.MatrixTest" time="0"/>
</testsuite>